<?xml version="1.0" encoding="UTF-8"?>
<!-- Generated by org.testng.reporters.JUnitReportReporter -->
<testsuite hostname="DESKTOP-VABRN9M" failures="0" tests="1" name="com.oneapp.test_suits.BookService_testcases" time="71.327" errors="0" timestamp="2023-01-24T12:49:01 IST" skipped="0">
  <testcase classname="com.oneapp.test_suits.BookService_testcases" name="validate_Bookservice_FSC_testcase" time="71.327"/>
  <system-out>
    <![CDATA[Self Job Card
Key Issues
Book Service]]>
  </system-out>
</testsuite> <!-- com.oneapp.test_suits.BookService_testcases -->
