<?xml version="1.0" encoding="UTF-8"?>
<!-- Generated by org.testng.reporters.JUnitReportReporter -->
<testsuite hostname="DESKTOP-A2S9SMV" failures="0" tests="3" name="com.oneapp.test_suits.ReferToFriendTestCases" time="502.400" errors="0" timestamp="2024-02-02T18:06:46 IST" skipped="0">
  <testcase classname="com.oneapp.test_suits.ReferToFriendTestCases" name="TC901_ValidateValidReferToFriend" time="180.066"/>
  <system-out/>
  <testcase classname="com.oneapp.test_suits.ReferToFriendTestCases" name="TC901_ValidateValidReferToFriend" time="169.590"/>
  <system-out/>
  <testcase classname="com.oneapp.test_suits.ReferToFriendTestCases" name="TC901_ValidateValidReferToFriend" time="152.744"/>
  <system-out/>
</testsuite> <!-- com.oneapp.test_suits.ReferToFriendTestCases -->
