<?xml version="1.0" encoding="UTF-8"?>
<!-- Generated by org.testng.reporters.JUnitReportReporter -->
<testsuite hostname="DESKTOP-VABRN9M" failures="0" tests="1" name="com.oneapp.test_suits.Myprofile_testcases" time="145.142" errors="0" timestamp="2023-01-17T19:12:01 IST" skipped="0">
  <testcase classname="com.oneapp.test_suits.Myprofile_testcases" name="validate_myprofile_valid_details_testcase400" time="145.142"/>
  <system-out>
    <![CDATA[Profile Details
AFTER SAVING MY PROFILE DETAILS
f30 mumbai bandra east
Female]]>
  </system-out>
</testsuite> <!-- com.oneapp.test_suits.Myprofile_testcases -->
