<?xml version="1.0" encoding="UTF-8"?>
<!-- Generated by org.testng.reporters.JUnitReportReporter -->
<testsuite skipped="0" hostname="DESKTOP-A2S9SMV" name="com.oneapp.test_suits.SOSTestCases" tests="3" failures="0" timestamp="2023-06-30T12:26:16 IST" time="32.066" errors="0">
  <testcase name="TC501_ValidateSendSOSAlertTestcase" time="13.761" classname="com.oneapp.test_suits.SOSTestCases"/>
  <system-out/>
  <testcase name="TC502_ValidateDontSentLinkTestcase" time="9.273" classname="com.oneapp.test_suits.SOSTestCases"/>
  <system-out/>
  <testcase name="TC503_ValidatecloseIconTestcase" time="9.032" classname="com.oneapp.test_suits.SOSTestCases"/>
  <system-out/>
</testsuite> <!-- com.oneapp.test_suits.SOSTestCases -->
