<?xml version="1.0" encoding="UTF-8"?>
<!-- Generated by org.testng.reporters.JUnitReportReporter -->
<testsuite hostname="DESKTOP-A2S9SMV" failures="0" tests="1" name="com.oneapp.test_suits.ManageLicense_testcases" time="39.646" errors="0" timestamp="2023-02-06T13:02:08 IST" skipped="0">
  <testcase classname="com.oneapp.test_suits.ManageLicense_testcases" name="validation_manage_licence_testcase" time="39.646"/>
  <system-out/>
</testsuite> <!-- com.oneapp.test_suits.ManageLicense_testcases -->
