<?xml version="1.0" encoding="UTF-8"?>
<!-- Generated by org.testng.reporters.JUnitReportReporter -->
<testsuite hostname="DESKTOP-A2S9SMV" failures="0" tests="4" name="com.oneapp.test_suits.Login_testcases" time="134.277" errors="0" timestamp="2023-03-19T16:00:40 IST" skipped="0">
  <testcase classname="com.oneapp.test_suits.Login_testcases" name="validate_validLogin_testcase" time="70.318"/>
  <system-out/>
  <testcase classname="com.oneapp.test_suits.Login_testcases" name="validate_invalidLogin_testcase" time="17.948"/>
  <system-out/>
  <testcase classname="com.oneapp.test_suits.Login_testcases" name="validate_mininum_length_field_testcase" time="19.941"/>
  <system-out/>
  <testcase classname="com.oneapp.test_suits.Login_testcases" name="validation_app_working_expected_after_minimizing_testcase" time="26.070"/>
  <system-out/>
</testsuite> <!-- com.oneapp.test_suits.Login_testcases -->
