<?xml version="1.0" encoding="UTF-8"?>
<!-- Generated by org.testng.reporters.JUnitReportReporter -->
<testsuite skipped="0" hostname="DESKTOP-A2S9SMV" name="com.oneapp.test_suits.OtpTestCases" tests="3" failures="0" timestamp="2023-06-30T12:26:16 IST" time="223.400" errors="0">
  <testcase name="TC101_ValidOtpTestcase" time="51.584" classname="com.oneapp.test_suits.OtpTestCases"/>
  <system-out/>
  <testcase name="TC102_InValidOtpTestcase" time="76.974" classname="com.oneapp.test_suits.OtpTestCases"/>
  <system-out/>
  <testcase name="TC103_ResendLinkTestcase" time="94.842" classname="com.oneapp.test_suits.OtpTestCases"/>
  <system-out/>
</testsuite> <!-- com.oneapp.test_suits.OtpTestCases -->
