<?xml version="1.0" encoding="UTF-8"?>
<!-- Generated by org.testng.reporters.JUnitReportReporter -->
<testsuite hostname="DESKTOP-A2S9SMV" failures="0" tests="7" name="com.oneapp.test_suits.Myprofile_testcases" time="584.157" errors="0" timestamp="2023-04-04T12:06:01 IST" skipped="0">
  <testcase classname="com.oneapp.test_suits.Myprofile_testcases" name="validate_myprofile_with_valid_details_testcase" time="243.845"/>
  <system-out/>
  <testcase classname="com.oneapp.test_suits.Myprofile_testcases" name="validate_saving_with_blank_fullName_field_testcase" time="115.599"/>
  <system-out/>
  <testcase classname="com.oneapp.test_suits.Myprofile_testcases" name="validate_saving_with_invalid_email_field_testcase" time="34.160"/>
  <system-out/>
  <testcase classname="com.oneapp.test_suits.Myprofile_testcases" name="validate_saving_with_invalid_dateofbirth_field_testcase" time="56.432"/>
  <system-out/>
  <testcase classname="com.oneapp.test_suits.Myprofile_testcases" name="validate_saving_with_invalid_address_field_testcase" time="40.553"/>
  <system-out/>
  <testcase classname="com.oneapp.test_suits.Myprofile_testcases" name="validate_saving_with_invalid_pincode_field_testcase" time="31.537"/>
  <system-out/>
  <testcase classname="com.oneapp.test_suits.Myprofile_testcases" name="validate_save_button_with_no_internet_testcase" time="62.031"/>
  <system-out/>
</testsuite> <!-- com.oneapp.test_suits.Myprofile_testcases -->
