<?xml version="1.0" encoding="UTF-8"?>
<!-- Generated by org.testng.reporters.JUnitReportReporter -->
<testsuite skipped="0" hostname="DESKTOP-A2S9SMV" name="com.oneapp.test_suits.EmergencyContactTestCases" tests="2" failures="0" timestamp="2023-06-30T12:26:16 IST" time="40.851" errors="0">
  <testcase name="TC301_ValidateValidAdddingEmergencyContactTestcase" time="23.290" classname="com.oneapp.test_suits.EmergencyContactTestCases"/>
  <system-out/>
  <testcase name="TC302_ValidateValidDeletingEmergencyContactTestcase" time="17.561" classname="com.oneapp.test_suits.EmergencyContactTestCases"/>
  <system-out/>
</testsuite> <!-- com.oneapp.test_suits.EmergencyContactTestCases -->
