<?xml version="1.0" encoding="UTF-8"?>
<!-- Generated by org.testng.reporters.JUnitReportReporter -->
<testsuite hostname="DESKTOP-A2S9SMV" failures="0" tests="2" name="com.oneapp.test_suits.EmergencyContact_testcases" time="66.021" errors="0" timestamp="2023-06-12T13:40:54 IST" skipped="0">
  <testcase classname="com.oneapp.test_suits.EmergencyContact_testcases" name="validate_emergency_contact_added_succesfully_testcase" time="55.459"/>
  <system-out/>
  <testcase classname="com.oneapp.test_suits.EmergencyContact_testcases" name="validate_emergency_contact_deleted_succesfully_testcase" time="10.562"/>
  <system-out/>
</testsuite> <!-- com.oneapp.test_suits.EmergencyContact_testcases -->
