<?xml version="1.0" encoding="UTF-8"?>
<!-- Generated by org.testng.reporters.JUnitReportReporter -->
<testsuite skipped="0" hostname="DESKTOP-A2S9SMV" name="com.oneapp.test_suits.LoginTestCases" tests="1" failures="0" timestamp="2023-06-29T10:33:29 IST" time="17.017" errors="0">
  <testcase name="TC001_ValidLoginTestCase" time="17.017" classname="com.oneapp.test_suits.LoginTestCases"/>
  <system-out/>
</testsuite> <!-- com.oneapp.test_suits.LoginTestCases -->
