<?xml version="1.0" encoding="UTF-8"?>
<!-- Generated by org.testng.reporters.JUnitReportReporter -->
<testsuite hostname="DESKTOP-A2S9SMV" failures="0" tests="1" name="com.oneapp.test_suits.GoodLife_testcases" time="35.296" errors="0" timestamp="2023-02-16T12:33:23 IST" skipped="0">
  <testcase classname="com.oneapp.test_suits.GoodLife_testcases" name="validate_Goodlife_Non_member_asOwner_testcase" time="35.296"/>
  <system-out/>
</testsuite> <!-- com.oneapp.test_suits.GoodLife_testcases -->
