<?xml version="1.0" encoding="UTF-8"?>
<!-- Generated by org.testng.reporters.JUnitReportReporter -->
<testsuite hostname="DESKTOP-A2S9SMV" failures="0" tests="1" name="com.oneapp.test_suits.WotTestCases" time="67.855" errors="0" timestamp="2024-01-25T14:05:04 IST" skipped="0">
  <testcase classname="com.oneapp.test_suits.WotTestCases" name="TC503_ValidateVehicleExchangeTestcase" time="67.855"/>
  <system-out/>
</testsuite> <!-- com.oneapp.test_suits.WotTestCases -->
