<?xml version="1.0" encoding="UTF-8"?>
<!-- Generated by org.testng.reporters.JUnitReportReporter -->
<testsuite hostname="DESKTOP-A2S9SMV" failures="0" tests="1" name="com.oneapp.test_suits.OTP_testcases" time="81.801" errors="0" timestamp="2023-02-06T13:02:08 IST" skipped="0">
  <testcase classname="com.oneapp.test_suits.OTP_testcases" name="validate_OTP_testcase" time="81.801"/>
  <system-out/>
</testsuite> <!-- com.oneapp.test_suits.OTP_testcases -->
