<?xml version="1.0" encoding="UTF-8"?>
<!-- Generated by org.testng.reporters.JUnitReportReporter -->
<testsuite hostname="Gunjans-MacBook-Pro.local" failures="0" tests="3" name="com.oneapp.test_suits.LoginTestCases" time="35.418" errors="0" timestamp="2023-07-03T20:48:59 IST" skipped="0">
  <testcase classname="com.oneapp.test_suits.LoginTestCases" name="TC001_ValidLoginTestCase" time="19.464"/>
  <testcase classname="com.oneapp.test_suits.LoginTestCases" name="TC002_InValidLoginTestCase" time="7.957"/>
  <testcase classname="com.oneapp.test_suits.LoginTestCases" name="TC003_MinimumLengthLoginTestCase" time="7.997"/>
</testsuite> <!-- com.oneapp.test_suits.LoginTestCases -->
