<?xml version="1.0" encoding="UTF-8"?>
<!-- Generated by org.testng.reporters.JUnitReportReporter -->
<testsuite hostname="DESKTOP-A2S9SMV" failures="0" tests="2" name="com.oneapp.test_suits.EmergencyContact_testcases" time="86.866" errors="0" timestamp="2023-02-06T13:02:08 IST" skipped="0">
  <testcase classname="com.oneapp.test_suits.EmergencyContact_testcases" name="validate_emergency_contact_added_succesfully_testcase" time="80.697"/>
  <system-out>
    <![CDATA[8130998133]]>
  </system-out>
  <testcase classname="com.oneapp.test_suits.EmergencyContact_testcases" name="validate_emergency_contact_deleted_succesfully_testcase" time="6.169"/>
  <system-out>
    <![CDATA[Contact deleted succesfully and now displaying Add Emergency contact]]>
  </system-out>
</testsuite> <!-- com.oneapp.test_suits.EmergencyContact_testcases -->
