<?xml version="1.0" encoding="UTF-8"?>
<!-- Generated by org.testng.reporters.JUnitReportReporter -->
<testsuite hostname="DESKTOP-A2S9SMV" failures="0" tests="4" name="com.oneapp.test_suits.Login_testcases" time="101.397" errors="0" timestamp="2023-03-09T17:19:26 IST" skipped="0">
  <testcase classname="com.oneapp.test_suits.Login_testcases" name="validate_validLogin_testcase" time="40.537"/>
  <system-out/>
  <testcase classname="com.oneapp.test_suits.Login_testcases" name="validate_invalidLogin_testcase" time="15.592"/>
  <system-out/>
  <testcase classname="com.oneapp.test_suits.Login_testcases" name="validate_mininum_length_field_testcase" time="18.613"/>
  <system-out/>
  <testcase classname="com.oneapp.test_suits.Login_testcases" name="validation_app_working_expected_after_minimizing_testcase" time="26.655"/>
  <system-out/>
</testsuite> <!-- com.oneapp.test_suits.Login_testcases -->
