<?xml version="1.0" encoding="UTF-8"?>
<!-- Generated by org.testng.reporters.JUnitReportReporter -->
<testsuite hostname="DESKTOP-VABRN9M" failures="0" tests="1" name="com.oneapp.test_suits.Login_testcases" time="16.269" errors="0" timestamp="2023-01-17T18:29:24 IST" skipped="0">
  <testcase classname="com.oneapp.test_suits.Login_testcases" name="Valid_Login_001" time="16.269"/>
  <system-out/>
</testsuite> <!-- com.oneapp.test_suits.Login_testcases -->
