<?xml version="1.0" encoding="UTF-8"?>
<!-- Generated by org.testng.reporters.JUnitReportReporter -->
<testsuite hostname="DESKTOP-A2S9SMV" failures="0" tests="1" name="com.oneapp.test_suits.OtpTestCases" time="60.365" errors="0" timestamp="2023-07-02T13:02:22 IST" skipped="0">
  <testcase classname="com.oneapp.test_suits.OtpTestCases" name="TC101_ValidOtpTestcase" time="60.365"/>
  <system-out/>
</testsuite> <!-- com.oneapp.test_suits.OtpTestCases -->
