<?xml version="1.0" encoding="UTF-8"?>
<!-- Generated by org.testng.reporters.JUnitReportReporter -->
<testsuite hostname="DESKTOP-A2S9SMV" failures="0" tests="1" name="com.oneapp.test_suits.ContactUS_testcases" time="95.945" errors="0" timestamp="2023-04-04T12:06:01 IST" skipped="0">
  <testcase classname="com.oneapp.test_suits.ContactUS_testcases" name="validate_ContactUS_testcase" time="95.945"/>
  <system-out/>
</testsuite> <!-- com.oneapp.test_suits.ContactUS_testcases -->
