<?xml version="1.0" encoding="UTF-8"?>
<!-- Generated by org.testng.reporters.JUnitReportReporter -->
<testsuite hostname="DESKTOP-A2S9SMV" failures="0" tests="3" name="com.oneapp.test_suits.SOSTestCases" time="86.442" errors="0" timestamp="2024-01-24T19:39:57 IST" skipped="0">
  <testcase classname="com.oneapp.test_suits.SOSTestCases" name="TC501_ValidateSendSOSAlertMessageSendTestcase" time="63.717"/>
  <system-out/>
  <testcase classname="com.oneapp.test_suits.SOSTestCases" name="TC502_ValidateDontSentLinkTestcase" time="12.334"/>
  <system-out/>
  <testcase classname="com.oneapp.test_suits.SOSTestCases" name="TC503_ValidatecloseIconTestcase" time="10.391"/>
  <system-out/>
</testsuite> <!-- com.oneapp.test_suits.SOSTestCases -->
