<?xml version="1.0" encoding="UTF-8"?>
<!-- Generated by org.testng.reporters.JUnitReportReporter -->
<testsuite skipped="0" hostname="DESKTOP-A2S9SMV" name="com.oneapp.test_suits.ReferToFriendTestCases" tests="2" failures="0" timestamp="2023-06-30T12:42:49 IST" time="110.760" errors="0">
  <testcase name="TC901_ValidateValidReferToFriend" time="87.845" classname="com.oneapp.test_suits.ReferToFriendTestCases"/>
  <system-out/>
  <testcase name="TC902_ValidateReferToYourSelfLink" time="22.915" classname="com.oneapp.test_suits.ReferToFriendTestCases"/>
  <system-out/>
</testsuite> <!-- com.oneapp.test_suits.ReferToFriendTestCases -->
