<?xml version="1.0" encoding="UTF-8"?>
<!-- Generated by org.testng.reporters.JUnitReportReporter -->
<testsuite hostname="DESKTOP-VABRN9M" failures="0" tests="1" name="com.oneapp.test_suits.Main_Methods" time="17.211" errors="0" timestamp="2023-01-17T18:05:24 IST" skipped="0">
  <testcase classname="com.oneapp.test_suits.Main_Methods" name="invalid_Login_002" time="17.211"/>
  <system-out/>
</testsuite> <!-- com.oneapp.test_suits.Main_Methods -->
