<?xml version="1.0" encoding="UTF-8"?>
<!-- Generated by org.testng.reporters.JUnitReportReporter -->
<testsuite hostname="DESKTOP-A2S9SMV" failures="0" tests="4" name="com.oneapp.test_suits.ReferToFriend_testcases" time="136.578" errors="0" timestamp="2023-06-08T17:17:30 IST" skipped="0">
  <testcase classname="com.oneapp.test_suits.ReferToFriend_testcases" name="validate_ReferToFriend_successfully" time="74.810"/>
  <system-out/>
  <testcase classname="com.oneapp.test_suits.ReferToFriend_testcases" name="validate_ReferToFriend_with_blank_fields_testcase" time="38.175"/>
  <system-out/>
  <testcase classname="com.oneapp.test_suits.ReferToFriend_testcases" name="validate_ReferToFriend_with_Invalid_details_testcase" time="5.666"/>
  <system-out/>
  <testcase classname="com.oneapp.test_suits.ReferToFriend_testcases" name="validate_referYourself_testcase" time="17.927"/>
  <system-out/>
</testsuite> <!-- com.oneapp.test_suits.ReferToFriend_testcases -->
