<?xml version="1.0" encoding="UTF-8"?>
<!-- Generated by org.testng.reporters.JUnitReportReporter -->
<testsuite hostname="DESKTOP-VABRN9M" failures="0" tests="1" name="com.oneapp.test_suits.Main_Methods" time="61.219" errors="0" timestamp="2022-12-25T20:49:01 IST" skipped="0">
  <testcase classname="com.oneapp.test_suits.Main_Methods" name="InValid_Login_002" time="61.219"/>
  <system-out/>
</testsuite> <!-- com.oneapp.test_suits.Main_Methods -->
