<?xml version="1.0" encoding="UTF-8"?>
<!-- Generated by org.testng.reporters.JUnitReportReporter -->
<testsuite hostname="DESKTOP-A2S9SMV" failures="0" tests="1" name="com.oneapp.test_suits.Myprofile_testcases" time="231.977" errors="0" timestamp="2023-03-09T18:27:42 IST" skipped="0">
  <testcase classname="com.oneapp.test_suits.Myprofile_testcases" name="validate_myprofile_with_valid_details_testcase" time="231.977"/>
  <system-out>
    <![CDATA[AFTER SAVING MY PROFILE DETAILS
Mumbai Colony 1152
Female]]>
  </system-out>
</testsuite> <!-- com.oneapp.test_suits.Myprofile_testcases -->
