<?xml version="1.0" encoding="UTF-8"?>
<!-- Generated by org.testng.reporters.JUnitReportReporter -->
<testsuite hostname="DESKTOP-A2S9SMV" failures="0" tests="1" name="com.oneapp.test_suits.Login_testcases" time="0.023" errors="1" timestamp="2023-06-17T19:15:38 IST" skipped="0">
  <testcase classname="com.oneapp.test_suits.Login_testcases" name="validate_validLogin_testcase" time="0.023">
    <error message="Unresolved compilation problems: 
	Syntax error on token(s), misplaced construct(s)
	Syntax error on token &quot;clearOnTexBox&quot;, Identifier expected after this token
	Syntax error on token &quot;)&quot;, { expected
	Syntax error on token &quot;}&quot;, delete this token
	Syntax error, insert &quot;VariableDeclarators&quot; to complete LocalVariableDeclaration
	Syntax error, insert &quot;;&quot; to complete LocalVariableDeclarationStatement
	Syntax error on tokens, delete these tokens
	The method hardAssertion(MobileElement, String) in the type Generic is not applicable for the arguments (WebElement, String)
	Syntax error, insert &quot;VariableDeclarators&quot; to complete LocalVariableDeclaration
	Syntax error, insert &quot;;&quot; to complete LocalVariableDeclarationStatement
	Syntax error on tokens, delete these tokens
	The method sendKeysOnTextfields(MobileElement, String) in the type Generic is not applicable for the arguments (WebElement, String)
	The method clickOnWebElement(MobileElement) in the type Generic is not applicable for the arguments (WebElement)
	Syntax error, insert &quot;VariableDeclarators&quot; to complete LocalVariableDeclaration
	Syntax error, insert &quot;;&quot; to complete LocalVariableDeclarationStatement
	Syntax error on token &quot;{&quot;, ; expected
	The method hardAssertion(MobileElement, String) in the type Generic is not applicable for the arguments (WebElement, String)
	The method hardAssertion(MobileElement, String) in the type Generic is not applicable for the arguments (WebElement, String)
	The method sendKeysOnTextfields(MobileElement, String) in the type Generic is not applicable for the arguments (WebElement, String)
	The method isClickable(MobileElement) in the type Generic is not applicable for the arguments (WebElement)
	The method clearOnTexBox(MobileElement) in the type Generic is not applicable for the arguments (WebElement)
	The method sendKeysOnTextfields(MobileElement, String) in the type Generic is not applicable for the arguments (WebElement, String)
	The method clickOnWebElement(MobileElement) in the type Generic is not applicable for the arguments (WebElement)
	The method clearOnTexBox(MobileElement) in the type Generic is not applicable for the arguments (WebElement)
	The method sendKeysOnTextfields(MobileElement, String) in the type Generic is not applicable for the arguments (WebElement, String)
	The method clickOnWebElement(MobileElement) in the type Generic is not applicable for the arguments (WebElement)
" type="java.lang.Error">
      <![CDATA[java.lang.Error: Unresolved compilation problems: 
Syntax error on token(s), misplaced construct(s)
Syntax error on token "clearOnTexBox", Identifier expected after this token
Syntax error on token ")", { expected
Syntax error on token "}", delete this token
Syntax error, insert "VariableDeclarators" to complete LocalVariableDeclaration
Syntax error, insert ";" to complete LocalVariableDeclarationStatement
Syntax error on tokens, delete these tokens
The method hardAssertion(MobileElement, String) in the type Generic is not applicable for the arguments (WebElement, String)
Syntax error, insert "VariableDeclarators" to complete LocalVariableDeclaration
Syntax error, insert ";" to complete LocalVariableDeclarationStatement
Syntax error on tokens, delete these tokens
The method sendKeysOnTextfields(MobileElement, String) in the type Generic is not applicable for the arguments (WebElement, String)
The method clickOnWebElement(MobileElement) in the type Generic is not applicable for the arguments (WebElement)
Syntax error, insert "VariableDeclarators" to complete LocalVariableDeclaration
Syntax error, insert ";" to complete LocalVariableDeclarationStatement
Syntax error on token "{", ; expected
The method hardAssertion(MobileElement, String) in the type Generic is not applicable for the arguments (WebElement, String)
The method hardAssertion(MobileElement, String) in the type Generic is not applicable for the arguments (WebElement, String)
The method sendKeysOnTextfields(MobileElement, String) in the type Generic is not applicable for the arguments (WebElement, String)
The method isClickable(MobileElement) in the type Generic is not applicable for the arguments (WebElement)
The method clearOnTexBox(MobileElement) in the type Generic is not applicable for the arguments (WebElement)
The method sendKeysOnTextfields(MobileElement, String) in the type Generic is not applicable for the arguments (WebElement, String)
The method clickOnWebElement(MobileElement) in the type Generic is not applicable for the arguments (WebElement)
The method clearOnTexBox(MobileElement) in the type Generic is not applicable for the arguments (WebElement)
The method sendKeysOnTextfields(MobileElement, String) in the type Generic is not applicable for the arguments (WebElement, String)
The method clickOnWebElement(MobileElement) in the type Generic is not applicable for the arguments (WebElement)

at com.oneapp.page_actions.Login_Page_Action.<init>(Login_Page_Action.java:93)
at com.oneapp.test_suits.Login_testcases.validate_validLogin_testcase(Login_testcases.java:32)
at java.base/jdk.internal.reflect.NativeMethodAccessorImpl.invoke0(Native Method)
at java.base/jdk.internal.reflect.NativeMethodAccessorImpl.invoke(NativeMethodAccessorImpl.java:77)
at java.base/jdk.internal.reflect.DelegatingMethodAccessorImpl.invoke(DelegatingMethodAccessorImpl.java:43)
at java.base/java.lang.reflect.Method.invoke(Method.java:568)
at org.testng.internal.MethodInvocationHelper.invokeMethod(MethodInvocationHelper.java:133)
at org.testng.internal.TestInvoker.invokeMethod(TestInvoker.java:598)
at org.testng.internal.TestInvoker.invokeTestMethod(TestInvoker.java:173)
at org.testng.internal.MethodRunner.runInSequence(MethodRunner.java:46)
at org.testng.internal.TestInvoker$MethodInvocationAgent.invoke(TestInvoker.java:824)
at org.testng.internal.TestInvoker.invokeTestMethods(TestInvoker.java:146)
at org.testng.internal.TestMethodWorker.invokeTestMethods(TestMethodWorker.java:146)
at org.testng.internal.TestMethodWorker.run(TestMethodWorker.java:128)
at java.base/java.util.ArrayList.forEach(ArrayList.java:1511)
at org.testng.TestRunner.privateRun(TestRunner.java:794)
at org.testng.TestRunner.run(TestRunner.java:596)
at org.testng.SuiteRunner.runTest(SuiteRunner.java:377)
at org.testng.SuiteRunner.runSequentially(SuiteRunner.java:371)
at org.testng.SuiteRunner.privateRun(SuiteRunner.java:332)
at org.testng.SuiteRunner.run(SuiteRunner.java:276)
at org.testng.SuiteRunnerWorker.runSuite(SuiteRunnerWorker.java:53)
at org.testng.SuiteRunnerWorker.run(SuiteRunnerWorker.java:96)
at org.testng.TestNG.runSuitesSequentially(TestNG.java:1212)
at org.testng.TestNG.runSuitesLocally(TestNG.java:1134)
at org.testng.TestNG.runSuites(TestNG.java:1063)
at org.testng.TestNG.run(TestNG.java:1031)
at org.testng.remote.AbstractRemoteTestNG.run(AbstractRemoteTestNG.java:115)
at org.testng.remote.RemoteTestNG.initAndRun(RemoteTestNG.java:251)
at org.testng.remote.RemoteTestNG.main(RemoteTestNG.java:77)
]]>
    </error>
  </testcase> <!-- validate_validLogin_testcase -->
  <system-out/>
</testsuite> <!-- com.oneapp.test_suits.Login_testcases -->
