<?xml version="1.0" encoding="UTF-8"?>
<!-- Generated by org.testng.reporters.JUnitReportReporter -->
<testsuite hostname="DESKTOP-A2S9SMV" failures="0" tests="1" name="com.oneapp.test_suits.BookService_testcases" time="83.131" errors="0" timestamp="2023-02-16T12:33:23 IST" skipped="0">
  <testcase classname="com.oneapp.test_suits.BookService_testcases" name="validate_Bookservice_FSC_testcase" time="83.131"/>
  <system-out>
    <![CDATA[Self Job Card
Key Issues
Book Service]]>
  </system-out>
</testsuite> <!-- com.oneapp.test_suits.BookService_testcases -->
