<?xml version="1.0" encoding="UTF-8"?>
<!-- Generated by org.testng.reporters.JUnitReportReporter -->
<testsuite skipped="0" hostname="DESKTOP-A2S9SMV" name="com.oneapp.test_suits.MyProfileTestCases" tests="1" failures="0" timestamp="2023-06-30T12:26:16 IST" time="247.258" errors="0">
  <testcase name="TC201_ValidateValidProfileDetailsTestcase" time="247.258" classname="com.oneapp.test_suits.MyProfileTestCases"/>
  <system-out/>
</testsuite> <!-- com.oneapp.test_suits.MyProfileTestCases -->
