<?xml version="1.0" encoding="UTF-8"?>
<!-- Generated by org.testng.reporters.JUnitReportReporter -->
<testsuite hostname="DESKTOP-VABRN9M" failures="0" tests="1" name="com.oneapp.test_suits.Myprofile_testcases" time="122.490" errors="0" timestamp="2023-01-28T16:36:08 IST" skipped="0">
  <testcase classname="com.oneapp.test_suits.Myprofile_testcases" name="Validate_saving_with_invalid_pincode_field" time="122.490"/>
  <system-out>
    <![CDATA[Profile Details]]>
  </system-out>
</testsuite> <!-- com.oneapp.test_suits.Myprofile_testcases -->
