<?xml version="1.0" encoding="UTF-8"?>
<!-- Generated by org.testng.reporters.JUnitReportReporter -->
<testsuite hostname="DESKTOP-VABRN9M" failures="0" tests="1" name="com.oneapp.test_suits.ManageLicense_testcases" time="38.994" errors="0" timestamp="2023-01-24T12:49:01 IST" skipped="0">
  <testcase classname="com.oneapp.test_suits.ManageLicense_testcases" name="validation_manage_licence_testcase" time="38.994"/>
  <system-out/>
</testsuite> <!-- com.oneapp.test_suits.ManageLicense_testcases -->
