<?xml version="1.0" encoding="UTF-8"?>
<!-- Generated by org.testng.reporters.JUnitReportReporter -->
<testsuite hostname="DESKTOP-A2S9SMV" failures="0" tests="1" name="com.oneapp.test_suits.Myprofile_testcases" time="140.495" errors="0" timestamp="2023-02-06T13:02:08 IST" skipped="0">
  <testcase classname="com.oneapp.test_suits.Myprofile_testcases" name="validate_myprofile_valid_details_testcase400" time="140.495"/>
  <system-out>
    <![CDATA[Profile Details
AFTER SAVING MY PROFILE DETAILS
f30 mumbai bandra east
Female]]>
  </system-out>
</testsuite> <!-- com.oneapp.test_suits.Myprofile_testcases -->
