<?xml version="1.0" encoding="UTF-8"?>
<!-- Generated by org.testng.reporters.JUnitReportReporter -->
<testsuite hostname="DESKTOP-VABRN9M" failures="0" tests="2" name="com.oneapp.test_suits.Main_Methods" time="110.454" errors="0" timestamp="2023-01-16T08:59:29 IST" skipped="0">
  <testcase classname="com.oneapp.test_suits.Main_Methods" name="Emergency_contact_added_succesfully_testcase" time="103.852"/>
  <system-out>
    <![CDATA[8130998133]]>
  </system-out>
  <testcase classname="com.oneapp.test_suits.Main_Methods" name="Emergency_contact_deleted_succesfully_testcase" time="6.602"/>
  <system-out>
    <![CDATA[Contact deleted succesfully and now displaying Add Emergency contact]]>
  </system-out>
</testsuite> <!-- com.oneapp.test_suits.Main_Methods -->
