<?xml version="1.0" encoding="UTF-8"?>
<!-- Generated by org.testng.reporters.JUnitReportReporter -->
<testsuite hostname="DESKTOP-VABRN9M" failures="0" tests="6" name="com.oneapp.test_suits.Main_Methods" time="475.716" errors="0" timestamp="2023-01-07T18:45:17 IST" skipped="0">
  <testcase classname="com.oneapp.test_suits.Main_Methods" name="Verify_OTP_100" time="64.691"/>
  <system-out>
    <![CDATA[Location popup is displaying]]>
  </system-out>
  <testcase classname="com.oneapp.test_suits.Main_Methods" name="Myprofile_changes_Validation_400" time="120.091"/>
  <system-out>
    <![CDATA[Profile Details
AFTER SAVING MY PROFILE DETAILS
f30 mumbai bandra east
Female]]>
  </system-out>
  <testcase classname="com.oneapp.test_suits.Main_Methods" name="Emergency_contact_added_succesfully" time="73.567"/>
  <system-out>
    <![CDATA[8130998133]]>
  </system-out>
  <testcase classname="com.oneapp.test_suits.Main_Methods" name="Emergency_contact_deleted_succesfully" time="8.566"/>
  <system-out>
    <![CDATA[Contact deleted succesfully and now displaying Add Emergency contact]]>
  </system-out>
  <testcase classname="com.oneapp.test_suits.Main_Methods" name="Bookservice_FSC" time="123.966"/>
  <system-out>
    <![CDATA[Self Job Card
Key Issues
Book Service]]>
  </system-out>
  <testcase classname="com.oneapp.test_suits.Main_Methods" name="Goodlife_Nonmember_Owner" time="84.835"/>
  <system-out/>
</testsuite> <!-- com.oneapp.test_suits.Main_Methods -->
