<?xml version="1.0" encoding="UTF-8"?>
<!-- Generated by org.testng.reporters.JUnitReportReporter -->
<testsuite hostname="DESKTOP-VABRN9M" failures="0" tests="1" name="com.oneapp.test_suits.MY_MIMI" time="0.010" errors="0" timestamp="2023-01-01T21:10:39 IST" skipped="0">
  <testcase classname="com.oneapp.test_suits.MY_MIMI" name="Testcase1" time="0.010"/>
  <system-out/>
</testsuite> <!-- com.oneapp.test_suits.MY_MIMI -->
