<?xml version="1.0" encoding="UTF-8"?>
<!-- Generated by org.testng.reporters.JUnitReportReporter -->
<testsuite hostname="DESKTOP-A2S9SMV" failures="0" tests="3" name="com.oneapp.test_suits.Dashboard_testcases" time="219.610" errors="0" timestamp="2023-04-04T12:06:01 IST" skipped="0">
  <testcase classname="com.oneapp.test_suits.Dashboard_testcases" name="validate_DealorLocator_testcase" time="147.736"/>
  <system-out/>
  <testcase classname="com.oneapp.test_suits.Dashboard_testcases" name="validate_relationshipManager_testcase" time="39.350"/>
  <system-out/>
  <testcase classname="com.oneapp.test_suits.Dashboard_testcases" name="validate_RSA_testcase" time="32.524"/>
  <system-out/>
</testsuite> <!-- com.oneapp.test_suits.Dashboard_testcases -->
