<?xml version="1.0" encoding="UTF-8"?>
<!-- Generated by org.testng.reporters.JUnitReportReporter -->
<testsuite hostname="DESKTOP-A2S9SMV" failures="0" tests="2" name="com.oneapp.test_suits.Goodlife_Member_testcases" time="121.866" errors="0" timestamp="2023-04-08T15:04:37 IST" skipped="0">
  <testcase classname="com.oneapp.test_suits.Goodlife_Member_testcases" name="validate_Goodlife_ProMembership_testcase" time="108.116"/>
  <system-out/>
  <testcase classname="com.oneapp.test_suits.Goodlife_Member_testcases" name="validate_WinnerOFTheMonth_testcase" time="13.750"/>
  <system-out/>
</testsuite> <!-- com.oneapp.test_suits.Goodlife_Member_testcases -->
