<?xml version="1.0" encoding="UTF-8"?>
<!-- Generated by org.testng.reporters.JUnitReportReporter -->
<testsuite hostname="DESKTOP-A2S9SMV" failures="0" tests="1" name="com.oneapp.test_suits.Myprofile_testcases" time="150.735" errors="0" timestamp="2023-02-16T12:33:23 IST" skipped="0">
  <testcase classname="com.oneapp.test_suits.Myprofile_testcases" name="validate_myprofile_valid_details_testcase400" time="150.735"/>
  <system-out>
    <![CDATA[Profile Details
AFTER SAVING MY PROFILE DETAILS
Mumbai Colony 1152
Female]]>
  </system-out>
</testsuite> <!-- com.oneapp.test_suits.Myprofile_testcases -->
