<?xml version="1.0" encoding="UTF-8"?>
<!-- Generated by org.testng.reporters.JUnitReportReporter -->
<testsuite hostname="DESKTOP-VABRN9M" failures="0" tests="2" name="com.oneapp.test_suits.Main_Methods" time="128.070" errors="0" timestamp="2023-01-04T20:44:59 IST" skipped="1">
  <testcase classname="com.oneapp.test_suits.Main_Methods" name="Goodlife_Nonmember_Owner" time="128.070"/>
  <system-out>
    <![CDATA[Location popup is displaying]]>
  </system-out>
  <testcase classname="com.oneapp.test_suits.Main_Methods" name="Emergency_contact_added_succesfully">
    <skipped/>
  </testcase> <!-- Emergency_contact_added_succesfully -->
  <system-out/>
</testsuite> <!-- com.oneapp.test_suits.Main_Methods -->
