<?xml version="1.0" encoding="UTF-8"?>
<!-- Generated by org.testng.reporters.JUnitReportReporter -->
<testsuite hostname="Gunjans-MacBook-Pro.local" failures="0" tests="3" name="com.oneapp.test_suits.OtpTestCases" time="231.765" errors="0" timestamp="2023-07-04T17:50:28 IST" skipped="0">
  <testcase classname="com.oneapp.test_suits.OtpTestCases" name="TC101_ValidOtpTestcase" time="99.109"/>
  <testcase classname="com.oneapp.test_suits.OtpTestCases" name="TC102_InValidOtpTestcase" time="17.011"/>
  <testcase classname="com.oneapp.test_suits.OtpTestCases" name="TC103_ResendLinkTestcase" time="115.645"/>
</testsuite> <!-- com.oneapp.test_suits.OtpTestCases -->
