<?xml version="1.0" encoding="UTF-8"?>
<!-- Generated by org.testng.reporters.JUnitReportReporter -->
<testsuite hostname="DESKTOP-A2S9SMV" failures="0" tests="1" name="com.oneapp.test_suits.OTP_testcases" time="104.939" errors="0" timestamp="2023-04-06T15:06:56 IST" skipped="0">
  <testcase classname="com.oneapp.test_suits.OTP_testcases" name="validate_valid_OTP_testcase" time="104.939"/>
  <system-out/>
</testsuite> <!-- com.oneapp.test_suits.OTP_testcases -->
