<?xml version="1.0" encoding="UTF-8"?>
<!-- Generated by org.testng.reporters.JUnitReportReporter -->
<testsuite hostname="DESKTOP-VABRN9M" failures="0" tests="3" name="com.oneapp.test_suits.Main_Methods" time="162.267" errors="0" timestamp="2023-01-13T18:04:22 IST" skipped="0">
  <testcase classname="com.oneapp.test_suits.Main_Methods" name="Emergency_contact_added_succesfully_testcase" time="119.370"/>
  <system-out>
    <![CDATA[8130998133]]>
  </system-out>
  <testcase classname="com.oneapp.test_suits.Main_Methods" name="Emergency_contact_deleted_succesfully_testcase" time="6.561"/>
  <system-out>
    <![CDATA[Contact deleted succesfully and now displaying Add Emergency contact]]>
  </system-out>
  <testcase classname="com.oneapp.test_suits.Main_Methods" name="validation_manage_licence_testcase" time="36.336"/>
  <system-out/>
</testsuite> <!-- com.oneapp.test_suits.Main_Methods -->
