<?xml version="1.0" encoding="UTF-8"?>
<!-- Generated by org.testng.reporters.JUnitReportReporter -->
<testsuite skipped="0" hostname="DESKTOP-A2S9SMV" name="com.oneapp.test_suits.DashboardTestCases" tests="4" failures="0" timestamp="2023-06-30T12:26:16 IST" time="170.083" errors="0">
  <testcase name="TC601_ValidateDashboardVideo" time="37.432" classname="com.oneapp.test_suits.DashboardTestCases"/>
  <system-out/>
  <testcase name="TC602_ValidateRelationShipManager" time="6.570" classname="com.oneapp.test_suits.DashboardTestCases"/>
  <system-out/>
  <testcase name="TC603_ValidateRSA" time="6.224" classname="com.oneapp.test_suits.DashboardTestCases"/>
  <system-out/>
  <testcase name="TC604_ValidateDealerLocator" time="119.857" classname="com.oneapp.test_suits.DashboardTestCases"/>
  <system-out/>
</testsuite> <!-- com.oneapp.test_suits.DashboardTestCases -->
