<?xml version="1.0" encoding="UTF-8"?>
<!-- Generated by org.testng.reporters.JUnitReportReporter -->
<testsuite hostname="DESKTOP-VABRN9M" failures="0" tests="1" name="com.oneapp.test_suits.Main_Methods" time="69.714" errors="0" timestamp="2023-01-08T18:13:43 IST" skipped="0">
  <testcase classname="com.oneapp.test_suits.Main_Methods" name="Verify_OTP_100" time="69.714"/>
  <system-out>
    <![CDATA[Location popup is displaying]]>
  </system-out>
</testsuite> <!-- com.oneapp.test_suits.Main_Methods -->
