<?xml version="1.0" encoding="UTF-8"?>
<!-- Generated by org.testng.reporters.JUnitReportReporter -->
<testsuite hostname="DESKTOP-A2S9SMV" failures="0" tests="2" name="com.oneapp.test_suits.ManageLicense_testcases" time="111.839" errors="0" timestamp="2023-06-12T13:40:54 IST" skipped="0">
  <testcase classname="com.oneapp.test_suits.ManageLicense_testcases" name="validation_uploading_licence_testcase" time="59.878"/>
  <system-out/>
  <testcase classname="com.oneapp.test_suits.ManageLicense_testcases" name="validation__downloading_the_uploaded_license_testcase" time="51.961"/>
  <system-out/>
</testsuite> <!-- com.oneapp.test_suits.ManageLicense_testcases -->
