<?xml version="1.0" encoding="UTF-8"?>
<!-- Generated by org.testng.reporters.JUnitReportReporter -->
<testsuite hostname="DESKTOP-A2S9SMV" failures="0" tests="5" name="com.oneapp.test_suits.OTP_testcases" time="356.740" errors="0" timestamp="2023-03-28T17:39:38 IST" skipped="0">
  <testcase classname="com.oneapp.test_suits.OTP_testcases" name="validate_valid_OTP_testcase" time="134.015"/>
  <system-out/>
  <testcase classname="com.oneapp.test_suits.OTP_testcases" name="validate_invalid_OTP_testcase" time="44.567"/>
  <system-out/>
  <testcase classname="com.oneapp.test_suits.OTP_testcases" name="validate_OTP_after_resend_testcase" time="107.155"/>
  <system-out/>
  <testcase classname="com.oneapp.test_suits.OTP_testcases" name="validate_valid_OTP_with_no_internet_testcase" time="52.600"/>
  <system-out/>
  <testcase classname="com.oneapp.test_suits.OTP_testcases" name="validation_valid_OTP_working_expected_after_minimizing_testcase" time="18.403"/>
  <system-out/>
</testsuite> <!-- com.oneapp.test_suits.OTP_testcases -->
