<?xml version="1.0" encoding="UTF-8"?>
<!-- Generated by org.testng.reporters.JUnitReportReporter -->
<testsuite hostname="DESKTOP-A2S9SMV" failures="0" tests="4" name="com.oneapp.test_suits.OTP_testcases" time="454.568" errors="0" timestamp="2023-03-19T16:00:40 IST" skipped="0">
  <testcase classname="com.oneapp.test_suits.OTP_testcases" name="validate_valid_OTP_testcase" time="195.642"/>
  <system-out/>
  <testcase classname="com.oneapp.test_suits.OTP_testcases" name="validate_invalid_OTP_testcase" time="55.542"/>
  <system-out/>
  <testcase classname="com.oneapp.test_suits.OTP_testcases" name="validate_OTP_after_resend_testcase" time="141.158"/>
  <system-out/>
  <testcase classname="com.oneapp.test_suits.OTP_testcases" name="validation_valid_OTP_working_expected_after_minimizing_testcase" time="62.226"/>
  <system-out/>
</testsuite> <!-- com.oneapp.test_suits.OTP_testcases -->
