<?xml version="1.0" encoding="UTF-8"?>
<!-- Generated by org.testng.reporters.JUnitReportReporter -->
<testsuite hostname="DESKTOP-A2S9SMV" failures="0" tests="2" name="com.oneapp.test_suits.ManageLicense_testcases" time="187.503" errors="0" timestamp="2023-04-13T13:18:24 IST" skipped="0">
  <testcase classname="com.oneapp.test_suits.ManageLicense_testcases" name="validation_uploading_licence_testcase" time="137.770"/>
  <system-out/>
  <testcase classname="com.oneapp.test_suits.ManageLicense_testcases" name="validation__downloading_the_uploaded_license_testcase" time="49.733"/>
  <system-out/>
</testsuite> <!-- com.oneapp.test_suits.ManageLicense_testcases -->
