<?xml version="1.0" encoding="UTF-8"?>
<!-- Generated by org.testng.reporters.JUnitReportReporter -->
<testsuite hostname="DESKTOP-A2S9SMV" failures="0" tests="5" name="com.oneapp.test_suits.OTP_testcases" time="288.209" errors="0" timestamp="2023-04-04T12:06:01 IST" skipped="0">
  <testcase classname="com.oneapp.test_suits.OTP_testcases" name="validate_valid_OTP_testcase" time="107.490"/>
  <system-out/>
  <testcase classname="com.oneapp.test_suits.OTP_testcases" name="validate_invalid_OTP_testcase" time="47.798"/>
  <system-out/>
  <testcase classname="com.oneapp.test_suits.OTP_testcases" name="validate_OTP_after_resend_testcase" time="60.722"/>
  <system-out/>
  <testcase classname="com.oneapp.test_suits.OTP_testcases" name="validate_valid_OTP_with_no_internet_testcase" time="60.774"/>
  <system-out/>
  <testcase classname="com.oneapp.test_suits.OTP_testcases" name="validation_valid_OTP_working_expected_after_minimizing_testcase" time="11.425"/>
  <system-out/>
</testsuite> <!-- com.oneapp.test_suits.OTP_testcases -->
