<?xml version="1.0" encoding="UTF-8"?>
<!-- Generated by org.testng.reporters.JUnitReportReporter -->
<testsuite hostname="DESKTOP-VABRN9M" failures="0" tests="1" name="com.oneapp.test_suits.OTP_testcases" time="76.848" errors="0" timestamp="2023-01-24T12:49:01 IST" skipped="0">
  <testcase classname="com.oneapp.test_suits.OTP_testcases" name="validate_OTP_testcase" time="76.848"/>
  <system-out/>
</testsuite> <!-- com.oneapp.test_suits.OTP_testcases -->
