<?xml version="1.0" encoding="UTF-8"?>
<!-- Generated by org.testng.reporters.JUnitReportReporter -->
<testsuite hostname="DESKTOP-A2S9SMV" failures="0" tests="3" name="com.oneapp.test_suits.SOS_testcases" time="180.772" errors="0" timestamp="2023-03-11T17:38:54 IST" skipped="0">
  <testcase classname="com.oneapp.test_suits.SOS_testcases" name="validate_SOS_message_sending_testcase" time="154.314"/>
  <system-out/>
  <testcase classname="com.oneapp.test_suits.SOS_testcases" name="validate_dont_send_link_testcase" time="13.307"/>
  <system-out/>
  <testcase classname="com.oneapp.test_suits.SOS_testcases" name="validate_closing_alert_window_testcase" time="13.151"/>
  <system-out/>
</testsuite> <!-- com.oneapp.test_suits.SOS_testcases -->
