<?xml version="1.0" encoding="UTF-8"?>
<!-- Generated by org.testng.reporters.JUnitReportReporter -->
<testsuite hostname="DESKTOP-A2S9SMV" failures="0" tests="3" name="com.oneapp.test_suits.OTP_testcases" time="180.336" errors="0" timestamp="2023-06-01T13:48:45 IST" skipped="0">
  <testcase classname="com.oneapp.test_suits.OTP_testcases" name="validate_valid_OTP_testcase" time="71.369"/>
  <system-out/>
  <testcase classname="com.oneapp.test_suits.OTP_testcases" name="validate_invalid_OTP_testcase" time="45.848"/>
  <system-out/>
  <testcase classname="com.oneapp.test_suits.OTP_testcases" name="validate_OTP_after_resend_testcase" time="63.119"/>
  <system-out/>
</testsuite> <!-- com.oneapp.test_suits.OTP_testcases -->
