<?xml version="1.0" encoding="UTF-8"?>
<!-- Generated by org.testng.reporters.JUnitReportReporter -->
<testsuite hostname="DESKTOP-A2S9SMV" failures="0" tests="1" name="com.oneapp.test_suits.GoodLife_NonMember_testcases" time="296.365" errors="0" timestamp="2023-04-13T13:18:24 IST" skipped="0">
  <testcase classname="com.oneapp.test_suits.GoodLife_NonMember_testcases" name="validate_Goodlife_Non_member_299Plan_asOwner_testcase" time="296.365"/>
  <system-out/>
</testsuite> <!-- com.oneapp.test_suits.GoodLife_NonMember_testcases -->
