<?xml version="1.0" encoding="UTF-8"?>
<!-- Generated by org.testng.reporters.JUnitReportReporter -->
<testsuite hostname="DESKTOP-A2S9SMV" failures="0" tests="1" name="com.oneapp.test_suits.LoginTestCases" time="13.971" errors="0" timestamp="2023-07-02T13:37:36 IST" skipped="0">
  <testcase classname="com.oneapp.test_suits.LoginTestCases" name="TC001_ValidLoginTestCase" time="13.971"/>
  <system-out/>
</testsuite> <!-- com.oneapp.test_suits.LoginTestCases -->
