<?xml version="1.0" encoding="UTF-8"?>
<!-- Generated by org.testng.reporters.JUnitReportReporter -->
<testsuite hostname="DESKTOP-A2S9SMV" failures="0" tests="7" name="com.oneapp.test_suits.Myprofile_testcases" time="635.887" errors="0" timestamp="2023-04-13T13:18:24 IST" skipped="0">
  <testcase classname="com.oneapp.test_suits.Myprofile_testcases" name="validate_myprofile_with_valid_details_testcase" time="265.477"/>
  <system-out/>
  <testcase classname="com.oneapp.test_suits.Myprofile_testcases" name="validate_saving_with_blank_fullName_field_testcase" time="125.416"/>
  <system-out/>
  <testcase classname="com.oneapp.test_suits.Myprofile_testcases" name="validate_saving_with_invalid_email_field_testcase" time="39.271"/>
  <system-out/>
  <testcase classname="com.oneapp.test_suits.Myprofile_testcases" name="validate_saving_with_invalid_dateofbirth_field_testcase" time="60.785"/>
  <system-out/>
  <testcase classname="com.oneapp.test_suits.Myprofile_testcases" name="validate_saving_with_invalid_address_field_testcase" time="46.240"/>
  <system-out/>
  <testcase classname="com.oneapp.test_suits.Myprofile_testcases" name="validate_saving_with_invalid_pincode_field_testcase" time="37.569"/>
  <system-out/>
  <testcase classname="com.oneapp.test_suits.Myprofile_testcases" name="validate_save_button_with_no_internet_testcase" time="61.129"/>
  <system-out/>
</testsuite> <!-- com.oneapp.test_suits.Myprofile_testcases -->
