<?xml version="1.0" encoding="UTF-8"?>
<!-- Generated by org.testng.reporters.JUnitReportReporter -->
<testsuite hostname="DESKTOP-A2S9SMV" failures="0" tests="1" name="com.oneapp.test_suits.MyProfileTestCases" time="130.040" errors="0" timestamp="2024-01-24T19:39:57 IST" skipped="0">
  <testcase classname="com.oneapp.test_suits.MyProfileTestCases" name="TC201_ValidateValidProfileDetailsTestcase" time="130.040"/>
  <system-out/>
</testsuite> <!-- com.oneapp.test_suits.MyProfileTestCases -->
