<?xml version="1.0" encoding="UTF-8"?>
<!-- Generated by org.testng.reporters.JUnitReportReporter -->
<testsuite hostname="DESKTOP-A2S9SMV" failures="0" tests="2" name="com.oneapp.test_suits.EmergencyContactTestCases" time="89.355" errors="0" timestamp="2023-07-31T15:59:06 IST" skipped="0">
  <testcase classname="com.oneapp.test_suits.EmergencyContactTestCases" name="TC301_ValidateValidAndInValidAdddingEmergencyContactTestcase" time="67.849"/>
  <system-out/>
  <testcase classname="com.oneapp.test_suits.EmergencyContactTestCases" name="TC302_ValidateValidDeletingEmergencyContactTestcase" time="21.506"/>
  <system-out/>
</testsuite> <!-- com.oneapp.test_suits.EmergencyContactTestCases -->
