<?xml version="1.0" encoding="UTF-8"?>
<!-- Generated by org.testng.reporters.JUnitReportReporter -->
<testsuite hostname="DESKTOP-A2S9SMV" failures="0" tests="1" name="com.oneapp.test_suits.ContactUsTestCases" time="154.229" errors="0" timestamp="2023-07-31T15:59:06 IST" skipped="0">
  <testcase classname="com.oneapp.test_suits.ContactUsTestCases" name="TC701_ValidateContactUSlink" time="154.229"/>
  <system-out/>
</testsuite> <!-- com.oneapp.test_suits.ContactUsTestCases -->
