<?xml version="1.0" encoding="UTF-8"?>
<!-- Generated by org.testng.reporters.JUnitReportReporter -->
<testsuite hostname="DESKTOP-A2S9SMV" failures="0" tests="1" name="com.oneapp.test_suits.ContactUS_testcases" time="41.763" errors="0" timestamp="2023-06-09T14:30:49 IST" skipped="0">
  <testcase classname="com.oneapp.test_suits.ContactUS_testcases" name="validate_ContactUS_testcase" time="41.763"/>
  <system-out/>
</testsuite> <!-- com.oneapp.test_suits.ContactUS_testcases -->
