<?xml version="1.0" encoding="UTF-8"?>
<!-- Generated by org.testng.reporters.JUnitReportReporter -->
<testsuite hostname="DESKTOP-A2S9SMV" failures="0" tests="5" name="com.oneapp.test_suits.Login_testcases" time="139.126" errors="0" timestamp="2023-04-04T12:06:01 IST" skipped="0">
  <testcase classname="com.oneapp.test_suits.Login_testcases" name="validate_validLogin_testcase" time="34.974"/>
  <system-out/>
  <testcase classname="com.oneapp.test_suits.Login_testcases" name="validate_invalidLogin_testcase" time="19.294"/>
  <system-out/>
  <testcase classname="com.oneapp.test_suits.Login_testcases" name="validate_mininum_length_field_testcase" time="22.980"/>
  <system-out/>
  <testcase classname="com.oneapp.test_suits.Login_testcases" name="validate_continue_with_no_internet_testcase" time="36.093"/>
  <system-out/>
  <testcase classname="com.oneapp.test_suits.Login_testcases" name="validation_app_working_expected_after_minimizing_testcase" time="25.785"/>
  <system-out/>
</testsuite> <!-- com.oneapp.test_suits.Login_testcases -->
