<?xml version="1.0" encoding="UTF-8"?>
<!-- Generated by org.testng.reporters.JUnitReportReporter -->
<testsuite hostname="DESKTOP-VABRN9M" failures="0" tests="6" name="com.oneapp.test_suits.Main_Methods" time="423.563" errors="0" timestamp="2023-01-03T15:39:42 IST" skipped="1">
  <testcase classname="com.oneapp.test_suits.Main_Methods" name="Myprofile_changes_Validation_400" time="148.732"/>
  <system-out>
    <![CDATA[Location popup is displaying
Profile Details
AFTER SAVING MY PROFILE DETAILS
f30 mumbai bandra east
Female]]>
  </system-out>
  <testcase classname="com.oneapp.test_suits.Main_Methods" name="Verify_OTP_100" time="93.635"/>
  <system-out/>
  <testcase classname="com.oneapp.test_suits.Main_Methods" name="Vehicle_selected_succesfully_200" time="71.112"/>
  <system-out/>
  <testcase classname="com.oneapp.test_suits.Main_Methods" name="Dashboard_All_Popups_300" time="76.018"/>
  <system-out>
    <![CDATA[Location popup is displaying]]>
  </system-out>
  <testcase classname="com.oneapp.test_suits.Main_Methods" name="Valid_Login_001" time="34.066"/>
  <system-out/>
  <testcase classname="com.oneapp.test_suits.Main_Methods" name="Emergency_contact_added_succesfully">
    <skipped/>
  </testcase> <!-- Emergency_contact_added_succesfully -->
  <system-out/>
</testsuite> <!-- com.oneapp.test_suits.Main_Methods -->
