<?xml version="1.0" encoding="UTF-8"?>
<!-- Generated by org.testng.reporters.JUnitReportReporter -->
<testsuite hostname="DESKTOP-A2S9SMV" failures="0" tests="3" name="com.oneapp.test_suits.Login_testcases" time="24.091" errors="0" timestamp="2023-06-01T11:38:47 IST" skipped="0">
  <testcase classname="com.oneapp.test_suits.Login_testcases" name="validate_validLogin_testcase" time="13.220"/>
  <system-out/>
  <testcase classname="com.oneapp.test_suits.Login_testcases" name="validate_invalidLogin_testcase" time="6.068"/>
  <system-out/>
  <testcase classname="com.oneapp.test_suits.Login_testcases" name="validate_mininum_length_field_testcase" time="4.803"/>
  <system-out/>
</testsuite> <!-- com.oneapp.test_suits.Login_testcases -->
