<?xml version="1.0" encoding="UTF-8"?>
<!-- Generated by org.testng.reporters.JUnitReportReporter -->
<testsuite hostname="DESKTOP-A2S9SMV" failures="0" tests="2" name="com.oneapp.test_suits.TipsAndDIYVideos_testcases" time="62.785" errors="0" timestamp="2023-06-08T17:54:15 IST" skipped="0">
  <testcase classname="com.oneapp.test_suits.TipsAndDIYVideos_testcases" name="validate_TipsPDF_successfully" time="47.443"/>
  <system-out/>
  <testcase classname="com.oneapp.test_suits.TipsAndDIYVideos_testcases" name="validate_DIYVideos_successfully" time="15.342"/>
  <system-out/>
</testsuite> <!-- com.oneapp.test_suits.TipsAndDIYVideos_testcases -->
