<?xml version="1.0" encoding="UTF-8"?>
<!-- Generated by org.testng.reporters.JUnitReportReporter -->
<testsuite hostname="DESKTOP-VABRN9M" failures="0" tests="2" name="com.oneapp.test_suits.EmergencyContact_testcases" time="90.214" errors="0" timestamp="2023-01-24T12:49:01 IST" skipped="0">
  <testcase classname="com.oneapp.test_suits.EmergencyContact_testcases" name="validate_emergency_contact_added_succesfully_testcase" time="84.248"/>
  <system-out>
    <![CDATA[8130998133]]>
  </system-out>
  <testcase classname="com.oneapp.test_suits.EmergencyContact_testcases" name="validate_emergency_contact_deleted_succesfully_testcase" time="5.966"/>
  <system-out>
    <![CDATA[Contact deleted succesfully and now displaying Add Emergency contact]]>
  </system-out>
</testsuite> <!-- com.oneapp.test_suits.EmergencyContact_testcases -->
