<?xml version="1.0" encoding="UTF-8"?>
<!-- Generated by org.testng.reporters.JUnitReportReporter -->
<testsuite hostname="DESKTOP-A2S9SMV" failures="0" tests="5" name="com.oneapp.test_suits.ReferToFriend_testcases" time="320.958" errors="0" timestamp="2023-04-04T12:06:01 IST" skipped="0">
  <testcase classname="com.oneapp.test_suits.ReferToFriend_testcases" name="validate_ReferToFriend_successfully" time="159.066"/>
  <system-out/>
  <testcase classname="com.oneapp.test_suits.ReferToFriend_testcases" name="validate_ReferToFriend_with_blank_fields_testcase" time="36.502"/>
  <system-out/>
  <testcase classname="com.oneapp.test_suits.ReferToFriend_testcases" name="validate_ReferToFriend_with_Invalid_details_testcase" time="33.872"/>
  <system-out/>
  <testcase classname="com.oneapp.test_suits.ReferToFriend_testcases" name="validate_ReferToFriend_with_No_Internet_testcase" time="49.078"/>
  <system-out/>
  <testcase classname="com.oneapp.test_suits.ReferToFriend_testcases" name="validate_referYourself_testcase" time="42.440"/>
  <system-out/>
</testsuite> <!-- com.oneapp.test_suits.ReferToFriend_testcases -->
