<?xml version="1.0" encoding="UTF-8"?>
<!-- Generated by org.testng.reporters.JUnitReportReporter -->
<testsuite hostname="DESKTOP-A2S9SMV" failures="0" tests="5" name="com.oneapp.test_suits.Login_testcases" time="120.025" errors="0" timestamp="2023-03-27T16:11:39 IST" skipped="0">
  <testcase classname="com.oneapp.test_suits.Login_testcases" name="validate_validLogin_testcase" time="40.195"/>
  <system-out/>
  <testcase classname="com.oneapp.test_suits.Login_testcases" name="validate_invalidLogin_testcase" time="15.728"/>
  <system-out/>
  <testcase classname="com.oneapp.test_suits.Login_testcases" name="validate_mininum_length_field_testcase" time="16.100"/>
  <system-out/>
  <testcase classname="com.oneapp.test_suits.Login_testcases" name="validate_continue_with_no_internet_testcase" time="25.032"/>
  <system-out/>
  <testcase classname="com.oneapp.test_suits.Login_testcases" name="validation_app_working_expected_after_minimizing_testcase" time="22.970"/>
  <system-out/>
</testsuite> <!-- com.oneapp.test_suits.Login_testcases -->
