<?xml version="1.0" encoding="UTF-8"?>
<!-- Generated by org.testng.reporters.JUnitReportReporter -->
<testsuite hostname="DESKTOP-A2S9SMV" failures="0" tests="8" name="com.oneapp.test_suits.EmergencyContact_testcases" time="777.600" errors="0" timestamp="2023-04-04T12:06:01 IST" skipped="0">
  <testcase classname="com.oneapp.test_suits.EmergencyContact_testcases" name="validate_emergency_contact_added_succesfully_testcase" time="137.389"/>
  <system-out/>
  <testcase classname="com.oneapp.test_suits.EmergencyContact_testcases" name="validate_emergency_contact_deleted_succesfully_testcase" time="63.028"/>
  <system-out/>
  <testcase classname="com.oneapp.test_suits.EmergencyContact_testcases" name="validate_emergency_contact_with_blank_fullName_testcase" time="126.578"/>
  <system-out/>
  <testcase classname="com.oneapp.test_suits.EmergencyContact_testcases" name="validate_emergency_contact_with_blank_MobileNumber_testcase" time="37.285"/>
  <system-out/>
  <testcase classname="com.oneapp.test_suits.EmergencyContact_testcases" name="validate_emergency_contact_with_blank_relationType_testcase" time="43.678"/>
  <system-out/>
  <testcase classname="com.oneapp.test_suits.EmergencyContact_testcases" name="validate_emergency_contact_saving_with_no_internet_testcase" time="53.279"/>
  <system-out/>
  <testcase classname="com.oneapp.test_suits.EmergencyContact_testcases" name="validate_emergency_contact_saving_with_invalid_details_testcase" time="78.272"/>
  <system-out/>
  <testcase classname="com.oneapp.test_suits.EmergencyContact_testcases" name="validate_emergency_contact_already_exist_testcase" time="238.091"/>
  <system-out/>
</testsuite> <!-- com.oneapp.test_suits.EmergencyContact_testcases -->
