<?xml version="1.0" encoding="UTF-8"?>
<!-- Generated by org.testng.reporters.JUnitReportReporter -->
<testsuite skipped="0" hostname="DESKTOP-VABRN9M" name="com.oneapp.test_suits.Main_Methods" tests="1" failures="0" timestamp="2022-12-26T15:59:55 IST" time="37.151" errors="0">
  <testcase name="InValid_Login_002" time="37.151" classname="com.oneapp.test_suits.Main_Methods"/>
  <system-out/>
</testsuite> <!-- com.oneapp.test_suits.Main_Methods -->
